2015-12-16 13:06:54,592 [Worker-14] INFO  o.e.m.c.i.l.LifecycleMappingFactory - Using org.maven.ide.eclipse.wtp.WarLifecycleMapping lifecycle mapping for MavenProject: in.com.pradeepit.web:webportfolio:0.0.1-SNAPSHOT @ C:\Users\Vinod\Documents\javawebproject\webportfolio\pom.xml.
2015-12-16 13:06:56,634 [Worker-14] INFO  o.e.m.j.i.AbstractJavaProjectConfigurator - Adding source folder /webportfolio/src/main/java
2015-12-16 13:06:56,635 [Worker-14] INFO  o.e.m.j.i.AbstractJavaProjectConfigurator - Adding resource folder /webportfolio/src/main/resources
2015-12-16 13:06:56,639 [Worker-14] INFO  o.e.m.j.i.AbstractJavaProjectConfigurator - Adding source folder /webportfolio/src/test/java
2015-12-16 13:06:56,639 [Worker-14] INFO  o.e.m.j.i.AbstractJavaProjectConfigurator - Adding resource folder /webportfolio/src/test/resources
2015-12-16 13:06:56,681 [Worker-13] INFO  o.e.m.c.i.l.LifecycleMappingFactory - Using org.maven.ide.eclipse.wtp.WarLifecycleMapping lifecycle mapping for MavenProject: in.com.pradeepit.web:webportfolio:0.0.1-SNAPSHOT @ C:\Users\Vinod\Documents\javawebproject\webportfolio\pom.xml.
2015-12-16 13:07:10,907 [Worker-17] INFO  o.e.m.c.i.l.LifecycleMappingFactory - Using org.maven.ide.eclipse.wtp.WarLifecycleMapping lifecycle mapping for MavenProject: in.com.pradeepit.web:webportfolio:0.0.1-SNAPSHOT @ C:\Users\Vinod\Documents\javawebproject\webportfolio\pom.xml.
2015-12-16 13:07:10,990 [Worker-17] WARN  o.e.m.c.i.embedder.EclipseLogger - Using platform encoding (Cp1252 actually) to copy filtered resources, i.e. build is platform dependent!
2015-12-16 13:07:10,994 [Worker-17] INFO  o.e.m.c.i.embedder.EclipseLogger - Copying 0 resource
2015-12-16 13:07:10,998 [Worker-17] WARN  o.e.m.c.i.embedder.EclipseLogger - Using platform encoding (Cp1252 actually) to copy filtered resources, i.e. build is platform dependent!
2015-12-16 13:07:10,999 [Worker-17] INFO  o.e.m.c.i.embedder.EclipseLogger - Copying 0 resource
2015-12-16 13:07:55,515 [Worker-18] WARN  o.e.m.c.i.embedder.EclipseLogger - Using platform encoding (Cp1252 actually) to copy filtered resources, i.e. build is platform dependent!
2015-12-16 13:07:55,518 [Worker-18] INFO  o.e.m.c.i.embedder.EclipseLogger - Copying 0 resource
2015-12-16 13:07:55,520 [Worker-18] WARN  o.e.m.c.i.embedder.EclipseLogger - Using platform encoding (Cp1252 actually) to copy filtered resources, i.e. build is platform dependent!
2015-12-16 13:07:55,521 [Worker-18] INFO  o.e.m.c.i.embedder.EclipseLogger - Copying 0 resource
2015-12-16 13:08:04,090 [Worker-16] WARN  o.e.m.c.i.embedder.EclipseLogger - Using platform encoding (Cp1252 actually) to copy filtered resources, i.e. build is platform dependent!
2015-12-16 13:08:04,092 [Worker-16] INFO  o.e.m.c.i.embedder.EclipseLogger - Copying 0 resource
2015-12-16 13:08:04,095 [Worker-16] WARN  o.e.m.c.i.embedder.EclipseLogger - Using platform encoding (Cp1252 actually) to copy filtered resources, i.e. build is platform dependent!
2015-12-16 13:08:04,097 [Worker-16] INFO  o.e.m.c.i.embedder.EclipseLogger - Copying 0 resource
2015-12-16 13:08:14,307 [main] INFO  o.e.m2e.actions.ExecutePomAction - Creating new launch configuration
2015-12-16 13:08:27,335 [Worker-20] INFO  o.e.m.i.launch.MavenLaunchDelegate - C:\Users\Vinod\Documents\javawebproject\webportfolio
2015-12-16 13:08:27,335 [Worker-20] INFO  o.e.m.i.launch.MavenLaunchDelegate -  mvn  -B clean package
2015-12-16 15:10:28,767 [Worker-21] WARN  o.e.m.c.i.embedder.EclipseLogger - Using platform encoding (Cp1252 actually) to copy filtered resources, i.e. build is platform dependent!
2015-12-16 15:10:29,148 [Worker-21] INFO  o.e.m.c.i.embedder.EclipseLogger - Copying 0 resource
2015-12-16 15:10:29,150 [Worker-21] WARN  o.e.m.c.i.embedder.EclipseLogger - Using platform encoding (Cp1252 actually) to copy filtered resources, i.e. build is platform dependent!
2015-12-16 15:10:29,151 [Worker-21] INFO  o.e.m.c.i.embedder.EclipseLogger - Copying 0 resource
2015-12-16 15:10:31,782 [Worker-26] WARN  o.e.m.c.i.embedder.EclipseLogger - Using platform encoding (Cp1252 actually) to copy filtered resources, i.e. build is platform dependent!
2015-12-16 15:10:31,783 [Worker-26] INFO  o.e.m.c.i.embedder.EclipseLogger - Copying 0 resource
2015-12-16 15:10:31,785 [Worker-26] WARN  o.e.m.c.i.embedder.EclipseLogger - Using platform encoding (Cp1252 actually) to copy filtered resources, i.e. build is platform dependent!
2015-12-16 15:10:31,786 [Worker-26] INFO  o.e.m.c.i.embedder.EclipseLogger - Copying 0 resource
2015-12-17 12:02:35,339 [Worker-3] INFO  o.e.m.c.i.l.LifecycleMappingFactory - Using org.maven.ide.eclipse.wtp.WarLifecycleMapping lifecycle mapping for MavenProject: in.com.pradeepit.web:webportfolio:0.0.1-SNAPSHOT @ C:\Users\Vinod\Documents\javawebproject\webportfolio\pom.xml.
2015-12-17 12:02:35,339 [Worker-0] INFO  o.e.m.c.i.l.LifecycleMappingFactory - Using org.maven.ide.eclipse.wtp.WarLifecycleMapping lifecycle mapping for MavenProject: in.com.pradeepit.web:webportfolio:0.0.1-SNAPSHOT @ C:\Users\Vinod\Documents\javawebproject\webportfolio\pom.xml.
2015-12-17 12:02:40,290 [Worker-3] WARN  o.e.m.c.i.embedder.EclipseLogger - Using platform encoding (Cp1252 actually) to copy filtered resources, i.e. build is platform dependent!
2015-12-17 12:02:40,335 [Worker-3] INFO  o.e.m.c.i.embedder.EclipseLogger - Copying 0 resource
2015-12-17 12:02:40,339 [Worker-3] WARN  o.e.m.c.i.embedder.EclipseLogger - Using platform encoding (Cp1252 actually) to copy filtered resources, i.e. build is platform dependent!
2015-12-17 12:02:40,340 [Worker-3] INFO  o.e.m.c.i.embedder.EclipseLogger - Copying 0 resource
2015-12-17 12:02:41,668 [Worker-0] INFO  o.e.m.c.i.l.LifecycleMappingFactory - Using org.maven.ide.eclipse.wtp.WarLifecycleMapping lifecycle mapping for MavenProject: in.com.pradeepit.web:webportfolio:0.0.1-SNAPSHOT @ C:\Users\Vinod\Documents\javawebproject\webportfolio\pom.xml.
2015-12-17 12:02:47,607 [Worker-3] WARN  o.e.m.c.i.embedder.EclipseLogger - Using platform encoding (Cp1252 actually) to copy filtered resources, i.e. build is platform dependent!
2015-12-17 12:02:47,609 [Worker-3] INFO  o.e.m.c.i.embedder.EclipseLogger - Copying 0 resource
2015-12-17 12:02:47,610 [Worker-3] WARN  o.e.m.c.i.embedder.EclipseLogger - Using platform encoding (Cp1252 actually) to copy filtered resources, i.e. build is platform dependent!
2015-12-17 12:02:47,611 [Worker-3] INFO  o.e.m.c.i.embedder.EclipseLogger - Copying 0 resource
2015-12-17 13:28:46,804 [Worker-0] WARN  o.e.m.c.i.embedder.EclipseLogger - Using platform encoding (Cp1252 actually) to copy filtered resources, i.e. build is platform dependent!
2015-12-17 13:28:46,806 [Worker-0] INFO  o.e.m.c.i.embedder.EclipseLogger - Copying 0 resource
2015-12-17 13:28:46,809 [Worker-0] WARN  o.e.m.c.i.embedder.EclipseLogger - Using platform encoding (Cp1252 actually) to copy filtered resources, i.e. build is platform dependent!
2015-12-17 13:28:46,811 [Worker-0] INFO  o.e.m.c.i.embedder.EclipseLogger - Copying 0 resource
